\BOOKMARK [0][-]{chapter*.2}{\376\377\000R\000e\000z\000u\000m\000a\000t}{}% 1
\BOOKMARK [0][-]{chapter*.3}{\376\377\000I\000n\000t\000r\000o\000d\000u\000c\000e\000r\000e}{}% 2
\BOOKMARK [0][-]{chapter.1}{\376\377\000F\000u\000n\000d\000a\000m\000e\000n\000t\000e}{}% 3
\BOOKMARK [1][-]{section.1.1}{\376\377\000R\000e\002\033\000e\000a\000\040\000n\000e\000u\000r\000a\000l\001\003}{chapter.1}% 4
\BOOKMARK [1][-]{section.1.2}{\376\377\000R\000e\002\033\000e\000l\000e\000\040\000n\000e\000u\000r\000a\000l\000e\000\040\000c\000o\000n\000v\000o\000l\000u\002\033\000i\000o\000n\000a\000l\000e}{chapter.1}% 5
\BOOKMARK [2][-]{subsection.1.2.1}{\376\377\000C\000o\000n\000v\000o\000l\000u\002\033\000i\000a}{section.1.2}% 6
\BOOKMARK [2][-]{subsection.1.2.2}{\376\377\000P\000o\000o\000l\000i\000n\000g}{section.1.2}% 7
\BOOKMARK [2][-]{subsection.1.2.3}{\376\377\000C\000l\000a\000s\000i\000f\000i\000c\000a\000r\000e}{section.1.2}% 8
\BOOKMARK [1][-]{section.1.3}{\376\377\000K\000e\000r\000a\000s\000\040\002\031\000i\000\040\000T\000e\000n\000s\000o\000r\000f\000l\000o\000w}{chapter.1}% 9
\BOOKMARK [2][-]{subsection.1.3.1}{\376\377\000T\000e\000n\000s\000o\000r\000f\000l\000o\000w}{section.1.3}% 10
\BOOKMARK [2][-]{subsection.1.3.2}{\376\377\000K\000e\000r\000a\000s}{section.1.3}% 11
\BOOKMARK [1][-]{section.1.4}{\376\377\000O\000A\000u\000t\000h}{chapter.1}% 12
\BOOKMARK [1][-]{section.1.5}{\376\377\000A\000n\000g\000u\000l\000a\000r}{chapter.1}% 13
\BOOKMARK [1][-]{section.1.6}{\376\377\000F\000l\000a\000s\000k}{chapter.1}% 14
\BOOKMARK [1][-]{section.1.7}{\376\377\000G\000o\000o\000g\000l\000e\000\040\000C\000l\000o\000u\000d\000\040\000P\000l\000a\000t\000f\000o\000r\000m}{chapter.1}% 15
\BOOKMARK [0][-]{chapter.2}{\376\377\000S\000c\000o\000p\000u\000r\000i\000\040\002\031\000i\000\040\000c\000e\000r\000i\000n\002\033\000e}{}% 16
\BOOKMARK [0][-]{chapter.3}{\376\377\000T\000i\000t\000l\000u\000l\000\040\000c\000e\000l\000u\000i\000\040\000d\000e\000-\000a\000l\000\040\000t\000r\000e\000i\000l\000e\000a\000\040\000c\000a\000p\000i\000t\000o\000l}{}% 17
\BOOKMARK [1][-]{section.3.1}{\376\377\000T\000i\000t\000l\000u\000l\000\040\000s\000e\000c\002\033\000i\000u\000n\000i\000i\000\040\0001}{chapter.3}% 18
\BOOKMARK [1][-]{section.3.2}{\376\377\000T\000i\000t\000l\000u\000l\000\040\000s\000e\000c\002\033\000i\000u\000n\000i\000i\000\040\0002}{chapter.3}% 19
\BOOKMARK [0][-]{chapter*.4}{\376\377\000C\000o\000n\000c\000l\000u\000z\000i\000i}{}% 20
\BOOKMARK [0][-]{chapter*.5}{\376\377\000B\000i\000b\000l\000i\000o\000g\000r\000a\000f\000i\000e}{}% 21
